android/app/build/intermediates/manifest_merge_blame_file/debug/manifest-merger-blame-debug-report.txt
1<?xml version="1.0" encoding="utf-8"?>
2<manifest xmlns:android="http://schemas.android.com/apk/res/android"
3    package="com.ledger"
4    android:versionCode="1"
5    android:versionName="1.0" >
6
7    <uses-sdk
8        android:minSdkVersion="21"
9        android:targetSdkVersion="30" />
10
11    <uses-permission android:name="android.permission.SYSTEM_ALERT_WINDOW" />
11-->src\debug\AndroidManifest.xml:5:5-77
11-->src\debug\AndroidManifest.xml:5:22-75
12    <uses-permission android:name="android.permission.INTERNET" />
12-->src\main\AndroidManifest.xml:4:5-67
12-->src\main\AndroidManifest.xml:4:22-64
13    <uses-permission android:name="android.permission.ACCESS_WIFI_STATE" />
13-->[com.facebook.flipper:flipper:0.99.0] AndroidManifest.xml:16:5-76
13-->[com.facebook.flipper:flipper:0.99.0] AndroidManifest.xml:16:22-73
14
15    <application
15-->src\main\AndroidManifest.xml:6:5-23:19
16        android:name="com.ledger.MainApplication"
16-->src\main\AndroidManifest.xml:7:7-38
17        android:allowBackup="false"
17-->src\main\AndroidManifest.xml:10:7-34
18        android:appComponentFactory="androidx.core.app.CoreComponentFactory"
18-->[androidx.core:core:1.6.0] AndroidManifest.xml:24:18-86
19        android:debuggable="true"
20        android:icon="@mipmap/ic_launcher_round"
20-->src\main\AndroidManifest.xml:9:7-47
21        android:label="@string/app_name"
21-->src\main\AndroidManifest.xml:8:7-39
22        android:theme="@style/AppTheme"
22-->src\main\AndroidManifest.xml:11:7-38
23        android:usesCleartextTraffic="true" >
23-->src\debug\AndroidManifest.xml:8:9-44
24        <activity android:name="com.facebook.react.devsupport.DevSettingsActivity" />
24-->src\debug\AndroidManifest.xml:11:9-86
24-->src\debug\AndroidManifest.xml:11:19-83
25        <activity
25-->src\main\AndroidManifest.xml:12:7-22:18
26            android:name="com.ledger.MainActivity"
26-->src\main\AndroidManifest.xml:13:9-37
27            android:configChanges="keyboard|keyboardHidden|orientation|screenSize|uiMode"
27-->src\main\AndroidManifest.xml:15:9-86
28            android:label="@string/app_name"
28-->src\main\AndroidManifest.xml:14:9-41
29            android:launchMode="singleTask"
29-->src\main\AndroidManifest.xml:16:9-40
30            android:windowSoftInputMode="adjustResize" >
30-->src\main\AndroidManifest.xml:17:9-51
31            <intent-filter>
31-->src\main\AndroidManifest.xml:18:9-21:25
32                <action android:name="android.intent.action.MAIN" />
32-->src\main\AndroidManifest.xml:19:13-65
32-->src\main\AndroidManifest.xml:19:21-62
33
34                <category android:name="android.intent.category.LAUNCHER" />
34-->src\main\AndroidManifest.xml:20:13-73
34-->src\main\AndroidManifest.xml:20:23-70
35            </intent-filter>
36        </activity>
37    </application>
38
39</manifest>